<?xml version="1.0" encoding="UTF-8"?>
<robot generator="Robot 3.1 (Python 3.6.7 on linux)" generated="20181213 10:23:24.652" rpa="false">
<suite id="s1" name="Rf Test" source="/home/senseandserve/work/security-scorecard-online-store/rf_test">
<suite id="s1-s1" name="Test" source="/home/senseandserve/work/security-scorecard-online-store/rf_test/test">
<suite id="s1-s1-s1" name="Gherkin Login" source="/home/senseandserve/work/security-scorecard-online-store/rf_test/test/gherkin_login.robot">
<test id="s1-s1-s1-t1" name="buy given books on amazon">
<kw name="Given browser is opened to home page" library="web_app_keywords">
<kw name="Open Browser" library="SeleniumLibrary">
<doc>Opens a new browser instance to the given ``url``.</doc>
<arguments>
<arg>${SERVER}</arg>
<arg>${BROWSER}</arg>
</arguments>
<msg timestamp="20181213 10:23:25.007" level="INFO">Opening browser 'chrome' to base url 'localhost:8000'.</msg>
<status status="PASS" starttime="20181213 10:23:25.007" endtime="20181213 10:23:27.367"></status>
</kw>
<kw name="Maximize Browser Window" library="SeleniumLibrary">
<doc>Maximizes current browser window.</doc>
<status status="PASS" starttime="20181213 10:23:27.367" endtime="20181213 10:23:27.527"></status>
</kw>
<kw name="Set Selenium Speed" library="SeleniumLibrary">
<doc>Sets the delay that is waited after each Selenium command.</doc>
<arguments>
<arg>${DELAY}</arg>
</arguments>
<status status="PASS" starttime="20181213 10:23:27.527" endtime="20181213 10:23:27.527"></status>
</kw>
<kw name="Home Page Should Be Opened" library="web_app_keywords">
<kw name="Title Should Be" library="SeleniumLibrary">
<doc>Verifies that current page title equals ``title``.</doc>
<arguments>
<arg>Products</arg>
</arguments>
<msg timestamp="20181213 10:23:28.040" level="INFO">Page title is 'Products'.</msg>
<status status="PASS" starttime="20181213 10:23:27.528" endtime="20181213 10:23:28.041"></status>
</kw>
<status status="PASS" starttime="20181213 10:23:27.528" endtime="20181213 10:23:28.041"></status>
</kw>
<status status="PASS" starttime="20181213 10:23:25.006" endtime="20181213 10:23:28.042"></status>
</kw>
<kw name="Close Browser" library="SeleniumLibrary" type="teardown">
<doc>Closes the current browser.</doc>
<status status="PASS" starttime="20181213 10:23:28.043" endtime="20181213 10:23:28.652"></status>
</kw>
<status status="PASS" starttime="20181213 10:23:25.006" endtime="20181213 10:23:28.652" critical="yes"></status>
</test>
<doc>A test recreates instructed steps validation of actual values are not done as this exercise is a demo
Navigate to www.amazon.com and add the following books to your Amazon basket
1. 'Experiences of Test Automation: Case Studies of Software Test Automation'
2. 'Agile Testing: A Practical Guide for Testers and Agile Teams'
3. 'Selenium WebDriver 3 Practical Guide: End-to-end automation testing for web and mobile browsers with Selenium WebDriver, 2nd Edition'
Select the 'Save For Later' option for 'Experiences of Test Automation'
Select the 'Delete' option for 'Agile Testing'
Increase the quantity in your basket for 'Selenium WebDriver 3 Practical Guide' to 3 copies
Mark the order as a 'Gift'
Remove all copies of 'Selenium WebDriver 3 Practical Guide' from your basket
End the test</doc>
<status status="PASS" starttime="20181213 10:23:24.720" endtime="20181213 10:23:28.654"></status>
</suite>
<status status="PASS" starttime="20181213 10:23:24.708" endtime="20181213 10:23:28.658"></status>
</suite>
<status status="PASS" starttime="20181213 10:23:24.653" endtime="20181213 10:23:28.659"></status>
</suite>
<statistics>
<total>
<stat pass="1" fail="0">Critical Tests</stat>
<stat pass="1" fail="0">All Tests</stat>
</total>
<tag>
</tag>
<suite>
<stat pass="1" fail="0" id="s1" name="Rf Test">Rf Test</stat>
<stat pass="1" fail="0" id="s1-s1" name="Test">Rf Test.Test</stat>
<stat pass="1" fail="0" id="s1-s1-s1" name="Gherkin Login">Rf Test.Test.Gherkin Login</stat>
</suite>
</statistics>
<errors>
</errors>
</robot>
